<<<<<<< HEAD
::1 - - [05/Nov/2014:10:04:33 +0100] "GET /phpmyadmin/ HTTP/1.1" 200 7992
::1 - - [05/Nov/2014:10:04:35 +0100] "GET /phpmyadmin/phpmyadmin.css.php?server=1&token=4c572606e8f18c062ca726a46325a3fd&nocache=4125195912ltr HTTP/1.1" 200 88608
::1 - - [05/Nov/2014:10:04:36 +0100] "GET /phpmyadmin/js/get_scripts.js.php?scripts[]=jquery/jquery-1.8.3.js&scripts[]=ajax.js&scripts[]=keyhandler.js&scripts[]=jquery/jquery-ui-1.9.2.custom.js&scripts[]=jquery/jquery.sprintf.js&scripts[]=jquery/jquery.cookie.js&scripts[]=jquery/jquery.mousewheel.js&scripts[]=jquery/jquery.event.drag-2.2.js&scripts[]=jquery/jquery-ui-timepicker-addon.js&scripts[]=jquery/jquery.ba-hashchange-1.3.js&scripts[]=jquery/jquery.debounce-1.0.5.js&scripts[]=jquery/jquery.menuResizer-1.0.js&scripts[]=rte.js&scripts[]=functions.js&scripts[]=navigation.js&scripts[]=indexes.js&scripts[]=common.js&scripts[]=codemirror/lib/codemirror.js&scripts[]=codemirror/mode/mysql/mysql.js HTTP/1.1" 200 578562
::1 - - [05/Nov/2014:10:04:36 +0100] "GET /phpmyadmin/js/messages.php?lang=nl&db=&server=0&token=f8cfdd8ab7a5dab531fe8aa5f592f10c HTTP/1.1" 200 18194
::1 - - [05/Nov/2014:10:04:36 +0100] "GET /phpmyadmin/js/get_image.js.php?theme=pmahomme HTTP/1.1" 200 6263
::1 - - [05/Nov/2014:10:04:41 +0100] "POST /phpmyadmin/index.php HTTP/1.1" 302 -
::1 - - [05/Nov/2014:10:04:42 +0100] "GET /phpmyadmin/index.php?token=4c572606e8f18c062ca726a46325a3fd HTTP/1.1" 200 44752
::1 - - [05/Nov/2014:10:04:43 +0100] "GET /phpmyadmin/themes/pmahomme/img/logo_left.png HTTP/1.1" 200 2327
::1 - - [05/Nov/2014:10:04:43 +0100] "GET /phpmyadmin/themes/pmahomme/img/ajax_clock_small.gif HTTP/1.1" 200 1810
::1 - - [05/Nov/2014:10:04:43 +0100] "GET /phpmyadmin/phpmyadmin.css.php?server=1&token=4c572606e8f18c062ca726a46325a3fd&nocache=5540374194ltr HTTP/1.1" 200 88608
::1 - - [05/Nov/2014:10:04:43 +0100] "GET /phpmyadmin/js/messages.php?lang=nl&db=&server=0&token=4c572606e8f18c062ca726a46325a3fd HTTP/1.1" 200 18194
::1 - - [05/Nov/2014:10:04:43 +0100] "GET /phpmyadmin/js/get_image.js.php?theme=pmahomme HTTP/1.1" 200 6263
::1 - - [05/Nov/2014:10:04:44 +0100] "GET /phpmyadmin/themes/pmahomme/img/left_nav_bg.png HTTP/1.1" 200 297
::1 - - [05/Nov/2014:10:04:44 +0100] "GET /phpmyadmin/version_check.php?&_nocache=1415178284459588888 HTTP/1.1" 200 40
::1 - - [05/Nov/2014:10:04:46 +0100] "GET /phpmyadmin/navigation.php?ajax_request=1&token=4c572606e8f18c062ca726a46325a3fd&aPath=cm9vdA%3D%3D.YW5kcm9pZHByb2plY3Q%3D&vPath=cm9vdA%3D%3D.YW5kcm9pZHByb2plY3Q%3D&pos=0&pos2_name=&pos2_value=&searchClause=&searchClause2=&_nocache=1415178286558878140 HTTP/1.1" 200 6470
::1 - - [05/Nov/2014:10:04:59 +0100] "GET /phpmyadmin/navigation.php?ajax_request=1&token=4c572606e8f18c062ca726a46325a3fd&aPath=cm9vdA%3D%3D.YW5kcm9pZHByb2plY3Q%3D.dGFibGVz.YXBfcmVjZXB0X2NhdGVnb3J5&vPath=cm9vdA%3D%3D.YW5kcm9pZHByb2plY3Q%3D.VGFiZWxsZW4%3D.YXBfcmVjZXB0X2NhdGVnb3J5&pos=0&pos2_name=tables&pos2_value=0&searchClause=&searchClause2=&_nocache=1415178299123198081 HTTP/1.1" 200 3692
::1 - - [05/Nov/2014:10:05:00 +0100] "GET /phpmyadmin/sql.php?server=1&db=androidproject&table=ap_recept_category&pos=0&token=4c572606e8f18c062ca726a46325a3fd&ajax_request=true&ajax_page_request=true&menuHashes=5304d5b5&_nocache=1415178300509657280 HTTP/1.1" 200 10912
::1 - - [05/Nov/2014:10:05:01 +0100] "GET /phpmyadmin/js/get_scripts.js.php?scripts[]=tbl_change.js&scripts[]=tbl_structure.js&scripts[]=gis_data_editor.js HTTP/1.1" 200 22203
::1 - - [05/Nov/2014:10:05:01 +0100] "GET /phpmyadmin/index.php?ajax_request=1&recent_table=1&token=4c572606e8f18c062ca726a46325a3fd HTTP/1.1" 200 251
::1 - - [05/Nov/2014:10:05:03 +0100] "GET /phpmyadmin/tbl_structure.php?db=androidproject&table=ap_recept_category&token=4c572606e8f18c062ca726a46325a3fd&ajax_request=true&ajax_page_request=true&menuHashes=5304d5b5-dee9862f&_nocache=1415178303002241082 HTTP/1.1" 200 30766
::1 - - [05/Nov/2014:10:05:03 +0100] "GET /phpmyadmin/index.php?ajax_request=1&recent_table=1&token=4c572606e8f18c062ca726a46325a3fd HTTP/1.1" 200 251
::1 - - [05/Nov/2014:10:05:10 +0100] "GET /phpmyadmin/tbl_structure.php?db=androidproject&table=ap_recept_category&token=4c572606e8f18c062ca726a46325a3fd&goto=tbl_structure.php&back=tbl_structure.php&field=Picture&change_column=1&ajax_request=true&_nocache=1415178310546370373 HTTP/1.1" 200 38504
::1 - - [05/Nov/2014:11:11:36 +0100] "GET / HTTP/1.1" 200 221
::1 - - [05/Nov/2014:11:11:38 +0100] "GET /favicon.ico HTTP/1.1" 404 209
::1 - - [05/Nov/2014:11:11:38 +0100] "GET /AndroidRecipeApp/ HTTP/1.1" 200 498
::1 - - [05/Nov/2014:11:12:17 +0100] "GET /AndroidRecipeApp/index.php?function=selectData&tableName= HTTP/1.1" 200 374
::1 - - [05/Nov/2014:11:12:29 +0100] "GET /AndroidRecipeApp/index.php?function=selectData&tableName=ap_ingredient HTTP/1.1" 200 346
::1 - - [05/Nov/2014:11:16:36 +0100] "GET /AndroidRecipeApp/index.php?function=selectData&tableName=ap_ingredient&params[]=2 HTTP/1.1" 200 346
::1 - - [05/Nov/2014:11:16:41 +0100] "GET /AndroidRecipeApp/index.php?function=selectData&tableName=ap_ingredient&params[]=2 HTTP/1.1" 200 346
::1 - - [05/Nov/2014:11:18:35 +0100] "GET /AndroidRecipeApp/index.php?function=selectDataById&tableName=ap_ingredient&params[]=2 HTTP/1.1" 200 362
::1 - - [05/Nov/2014:11:18:49 +0100] "GET /AndroidRecipeApp/index.php?function=selectData&tableName=ap_unit&params[]=2 HTTP/1.1" 200 540
::1 - - [05/Nov/2014:11:19:12 +0100] "GET /AndroidRecipeApp/index.php?function=selectDataById&tableName=ap_unit&params[]=2 HTTP/1.1" 200 354
::1 - - [05/Nov/2014:11:19:42 +0100] "GET /AndroidRecipeApp/index.php?function=selectDataById&tableName=ap_unit&params[]=array HTTP/1.1" 200 354
::1 - - [05/Nov/2014:11:20:15 +0100] "GET /AndroidRecipeApp/index.php?function=selectDataById&tableName=ap_unit&params[]=2 HTTP/1.1" 200 354
::1 - - [05/Nov/2014:11:20:23 +0100] "GET /AndroidRecipeApp/index.php?function=selectDataById&tableName=ap_unit&params[]=3 HTTP/1.1" 200 354
::1 - - [05/Nov/2014:11:21:06 +0100] "GET /AndroidRecipeApp/index.php?function=selectDataById&tableName=ap_unit&params[]=3 HTTP/1.1" 200 377
::1 - - [05/Nov/2014:11:22:27 +0100] "GET /AndroidRecipeApp/index.php?function=selectDataById&tableName=ap_unit&params[]=3 HTTP/1.1" 200 373
::1 - - [05/Nov/2014:11:22:31 +0100] "GET /AndroidRecipeApp/index.php?function=selectDataById&tableName=ap_unit&params[]=3 HTTP/1.1" 200 373
::1 - - [05/Nov/2014:11:22:38 +0100] "GET /AndroidRecipeApp/index.php?function=selectDataById&tableName=ap_unit&params[]=5 HTTP/1.1" 200 373
::1 - - [05/Nov/2014:11:23:11 +0100] "GET /AndroidRecipeApp/index.php?function=selectDataById&tableName=ap_unit&id=3 HTTP/1.1" 200 540
::1 - - [05/Nov/2014:11:23:19 +0100] "GET /AndroidRecipeApp/index.php?function=selectDataById&tableName=ap_unit&id=3 HTTP/1.1" 200 350
::1 - - [05/Nov/2014:11:23:32 +0100] "GET /AndroidRecipeApp/index.php?function=selectDataById&tableName=ap_unit&id= HTTP/1.1" 200 386
::1 - - [05/Nov/2014:11:23:46 +0100] "GET /AndroidRecipeApp/index.php?function=selectDataById&tableName=ap_unit HTTP/1.1" 200 951
::1 - - [05/Nov/2014:11:24:00 +0100] "GET /AndroidRecipeApp/index.php?function=selectData&tableName=ap_unit HTTP/1.1" 200 540
::1 - - [05/Nov/2014:11:24:20 +0100] "GET /AndroidRecipeApp/index.php?function=selectDataById&tableName=ap_unit&id=3 HTTP/1.1" 200 350
::1 - - [05/Nov/2014:11:34:06 +0100] "GET /phpmyadmin/ HTTP/1.1" 200 7992
::1 - - [05/Nov/2014:11:34:07 +0100] "GET /phpmyadmin/js/get_scripts.js.php?scripts[]=jquery/jquery-1.8.3.js&scripts[]=ajax.js&scripts[]=keyhandler.js&scripts[]=jquery/jquery-ui-1.9.2.custom.js&scripts[]=jquery/jquery.sprintf.js&scripts[]=jquery/jquery.cookie.js&scripts[]=jquery/jquery.mousewheel.js&scripts[]=jquery/jquery.event.drag-2.2.js&scripts[]=jquery/jquery-ui-timepicker-addon.js&scripts[]=jquery/jquery.ba-hashchange-1.3.js&scripts[]=jquery/jquery.debounce-1.0.5.js&scripts[]=jquery/jquery.menuResizer-1.0.js&scripts[]=rte.js&scripts[]=functions.js&scripts[]=navigation.js&scripts[]=indexes.js&scripts[]=common.js&scripts[]=codemirror/lib/codemirror.js&scripts[]=codemirror/mode/mysql/mysql.js HTTP/1.1" 200 578562
::1 - - [05/Nov/2014:11:34:07 +0100] "GET /phpmyadmin/phpmyadmin.css.php?server=1&token=a99295f36bbd8b9a2b358a7bb787f250&nocache=4125195912ltr HTTP/1.1" 200 88608
::1 - - [05/Nov/2014:11:34:07 +0100] "GET /phpmyadmin/js/messages.php?lang=nl&db=&server=0&token=46831c3e7633dd3fcba92ddfa592f955 HTTP/1.1" 200 18194
::1 - - [05/Nov/2014:11:34:11 +0100] "POST /phpmyadmin/index.php HTTP/1.1" 302 -
::1 - - [05/Nov/2014:11:34:12 +0100] "GET /phpmyadmin/index.php?token=a99295f36bbd8b9a2b358a7bb787f250 HTTP/1.1" 200 44752
::1 - - [05/Nov/2014:11:34:13 +0100] "GET /phpmyadmin/themes/pmahomme/img/logo_left.png HTTP/1.1" 200 2327
::1 - - [05/Nov/2014:11:34:13 +0100] "GET /phpmyadmin/themes/pmahomme/img/ajax_clock_small.gif HTTP/1.1" 200 1810
::1 - - [05/Nov/2014:11:34:13 +0100] "GET /phpmyadmin/js/messages.php?lang=nl&db=&server=0&token=a99295f36bbd8b9a2b358a7bb787f250 HTTP/1.1" 200 18194
::1 - - [05/Nov/2014:11:34:13 +0100] "GET /phpmyadmin/phpmyadmin.css.php?server=1&token=a99295f36bbd8b9a2b358a7bb787f250&nocache=5540379564ltr HTTP/1.1" 200 88608
::1 - - [05/Nov/2014:11:34:13 +0100] "GET /phpmyadmin/themes/pmahomme/img/left_nav_bg.png HTTP/1.1" 200 297
::1 - - [05/Nov/2014:11:34:14 +0100] "GET /phpmyadmin/version_check.php?&_nocache=1415183654037170754 HTTP/1.1" 200 40
::1 - - [05/Nov/2014:11:34:16 +0100] "GET /phpmyadmin/db_structure.php?server=1&db=androidproject&token=a99295f36bbd8b9a2b358a7bb787f250&ajax_request=true&ajax_page_request=true&menuHashes=0e28fe3e&_nocache=1415183656056260659 HTTP/1.1" 200 30493
::1 - - [05/Nov/2014:11:34:16 +0100] "GET /phpmyadmin/js/get_scripts.js.php?scripts[]=db_structure.js&scripts[]=tbl_change.js HTTP/1.1" 200 12382
::1 - - [05/Nov/2014:11:34:32 +0100] "GET /phpmyadmin/sql.php?db=androidproject&token=a99295f36bbd8b9a2b358a7bb787f250&goto=db_structure.php&table=ap_account&pos=0&ajax_request=true&ajax_page_request=true&menuHashes=0e28fe3e-449c2ef7&_nocache=1415183672881136781 HTTP/1.1" 200 10590
::1 - - [05/Nov/2014:11:34:33 +0100] "GET /phpmyadmin/js/get_scripts.js.php?scripts[]=tbl_structure.js&scripts[]=gis_data_editor.js HTTP/1.1" 200 15188
::1 - - [05/Nov/2014:11:34:33 +0100] "GET /phpmyadmin/index.php?ajax_request=1&recent_table=1&token=a99295f36bbd8b9a2b358a7bb787f250 HTTP/1.1" 200 235
::1 - - [05/Nov/2014:11:34:38 +0100] "GET /phpmyadmin/tbl_structure.php?db=androidproject&table=ap_account&token=a99295f36bbd8b9a2b358a7bb787f250&ajax_request=true&ajax_page_request=true&menuHashes=0e28fe3e-449c2ef7-47601af9&_nocache=1415183678456814397 HTTP/1.1" 200 34617
::1 - - [05/Nov/2014:11:34:39 +0100] "GET /phpmyadmin/index.php?ajax_request=1&recent_table=1&token=a99295f36bbd8b9a2b358a7bb787f250 HTTP/1.1" 200 235
=======
::1 - - [05/Nov/2014:12:19:23 +0100] "GET /phpmyadmin HTTP/1.1" 301 241
::1 - - [05/Nov/2014:12:19:23 +0100] "GET /phpmyadmin/ HTTP/1.1" 200 8555
::1 - - [05/Nov/2014:12:19:26 +0100] "GET /phpmyadmin/ HTTP/1.1" 200 8555
::1 - - [05/Nov/2014:12:19:27 +0100] "GET /phpmyadmin/themes/pmahomme/jquery/jquery-ui-1.9.2.custom.css HTTP/1.1" 200 32739
::1 - - [05/Nov/2014:12:19:27 +0100] "GET /phpmyadmin/themes/pmahomme/img/logo_right.png HTTP/1.1" 200 4548
::1 - - [05/Nov/2014:12:19:27 +0100] "GET /phpmyadmin/themes/dot.gif HTTP/1.1" 200 43
::1 - - [05/Nov/2014:12:19:27 +0100] "GET /phpmyadmin/js/get_scripts.js.php?scripts[]=jquery/jquery-1.8.3.js&scripts[]=ajax.js&scripts[]=keyhandler.js&scripts[]=jquery/jquery-ui-1.9.2.custom.js&scripts[]=jquery/jquery.sprintf.js&scripts[]=jquery/jquery.cookie.js&scripts[]=jquery/jquery.mousewheel.js&scripts[]=jquery/jquery.event.drag-2.2.js&scripts[]=jquery/jquery-ui-timepicker-addon.js&scripts[]=jquery/jquery.ba-hashchange-1.3.js&scripts[]=jquery/jquery.debounce-1.0.5.js&scripts[]=jquery/jquery.menuResizer-1.0.js&scripts[]=rte.js&scripts[]=functions.js&scripts[]=navigation.js&scripts[]=indexes.js&scripts[]=common.js&scripts[]=codemirror/lib/codemirror.js&scripts[]=codemirror/mode/mysql/mysql.js HTTP/1.1" 200 578621
::1 - - [05/Nov/2014:12:19:27 +0100] "GET /phpmyadmin/js/get_image.js.php?theme=pmahomme HTTP/1.1" 200 6364
::1 - - [05/Nov/2014:12:19:27 +0100] "GET /phpmyadmin/js/messages.php?lang=nl&db=&server=0&collation_connection=utf8_general_ci&token=b6ca65ff4e0c455c85f07bc6a17b517d HTTP/1.1" 200 18199
::1 - - [05/Nov/2014:12:19:27 +0100] "GET /phpmyadmin/phpmyadmin.css.php?server=1&lang=nl&collation_connection=utf8_general_ci&token=51243f5c1a5104ac4ba7186feb389128&nocache=4245521593ltr HTTP/1.1" 200 92653
::1 - - [05/Nov/2014:12:19:30 +0100] "GET /phpmyadmin/themes/pmahomme/img/sprites.png HTTP/1.1" 200 61899
::1 - - [05/Nov/2014:12:19:30 +0100] "GET /phpmyadmin/favicon.ico HTTP/1.1" 200 18902
::1 - - [05/Nov/2014:12:19:33 +0100] "POST /phpmyadmin/index.php HTTP/1.1" 302 -
::1 - - [05/Nov/2014:12:19:35 +0100] "GET /phpmyadmin/index.php?token=51243f5c1a5104ac4ba7186feb389128 HTTP/1.1" 200 44759
::1 - - [05/Nov/2014:12:19:36 +0100] "GET /phpmyadmin/themes/pmahomme/img/logo_left.png HTTP/1.1" 200 2327
::1 - - [05/Nov/2014:12:19:36 +0100] "GET /phpmyadmin/themes/pmahomme/img/ajax_clock_small.gif HTTP/1.1" 200 1810
::1 - - [05/Nov/2014:12:19:36 +0100] "GET /phpmyadmin/js/messages.php?lang=nl&db=&server=0&token=51243f5c1a5104ac4ba7186feb389128 HTTP/1.1" 200 18199
::1 - - [05/Nov/2014:12:19:36 +0100] "GET /phpmyadmin/phpmyadmin.css.php?server=1&token=51243f5c1a5104ac4ba7186feb389128&nocache=5660707969ltr HTTP/1.1" 200 92653
::1 - - [05/Nov/2014:12:19:37 +0100] "GET /phpmyadmin/themes/pmahomme/img/left_nav_bg.png HTTP/1.1" 200 297
::1 - - [05/Nov/2014:12:19:37 +0100] "GET /phpmyadmin/version_check.php?&_nocache=1415186377376370777 HTTP/1.1" 200 40
::1 - - [05/Nov/2014:12:19:39 +0100] "GET /phpmyadmin/navigation.php?ajax_request=1&token=51243f5c1a5104ac4ba7186feb389128&aPath=cm9vdA%3D%3D.YW5kcm9pZHByb2plY3Q%3D&vPath=cm9vdA%3D%3D.YW5kcm9pZHByb2plY3Q%3D&pos=0&pos2_name=&pos2_value=&searchClause=&searchClause2=&_nocache=1415186379600163981 HTTP/1.1" 200 6470
::1 - - [05/Nov/2014:12:19:40 +0100] "GET /phpmyadmin/db_structure.php?server=1&db=androidproject&token=51243f5c1a5104ac4ba7186feb389128&ajax_request=true&ajax_page_request=true&menuHashes=515e8d87&_nocache=1415186380863344499 HTTP/1.1" 200 30529
::1 - - [05/Nov/2014:12:19:42 +0100] "GET /phpmyadmin/themes/pmahomme/img/arrow_ltr.png HTTP/1.1" 200 139
::1 - - [05/Nov/2014:12:19:42 +0100] "GET /phpmyadmin/js/get_scripts.js.php?scripts[]=db_structure.js&scripts[]=tbl_change.js HTTP/1.1" 200 12382
::1 - - [05/Nov/2014:12:19:45 +0100] "GET /phpmyadmin/sql.php?server=1&db=androidproject&table=ap_recipe&pos=0&token=51243f5c1a5104ac4ba7186feb389128&ajax_request=true&ajax_page_request=true&menuHashes=515e8d87-b312631c&_nocache=1415186385119260692 HTTP/1.1" 200 10552
::1 - - [05/Nov/2014:12:19:47 +0100] "GET /phpmyadmin/js/get_scripts.js.php?scripts[]=tbl_structure.js&scripts[]=gis_data_editor.js HTTP/1.1" 200 15188
::1 - - [05/Nov/2014:12:19:47 +0100] "GET /phpmyadmin/index.php?ajax_request=1&recent_table=1&token=51243f5c1a5104ac4ba7186feb389128 HTTP/1.1" 200 233
::1 - - [05/Nov/2014:12:19:53 +0100] "GET /phpmyadmin/navigation.php?ajax_request=1&token=51243f5c1a5104ac4ba7186feb389128&aPath=cm9vdA%3D%3D.YW5kcm9pZHByb2plY3Q%3D.dGFibGVz.YXBfcmVjaXBl&vPath=cm9vdA%3D%3D.YW5kcm9pZHByb2plY3Q%3D.VGFiZWxsZW4%3D.YXBfcmVjaXBl&pos=0&pos2_name=tables&pos2_value=0&searchClause=&searchClause2=&_nocache=1415186393452232048 HTTP/1.1" 200 3572
::1 - - [05/Nov/2014:12:19:56 +0100] "GET /phpmyadmin/tbl_structure.php?server=1&db=androidproject&table=ap_recipe&token=51243f5c1a5104ac4ba7186feb389128&ajax_request=true&ajax_page_request=true&menuHashes=515e8d87-b312631c-4a0ddfe9&_nocache=1415186396783115904 HTTP/1.1" 200 63586
::1 - - [05/Nov/2014:12:19:57 +0100] "GET /phpmyadmin/index.php?ajax_request=1&recent_table=1&token=51243f5c1a5104ac4ba7186feb389128 HTTP/1.1" 200 233
::1 - - [05/Nov/2014:12:26:02 +0100] "GET /phpmyadmin/sql.php?server=1&db=androidproject&table=ap_ingredient&pos=0&token=51243f5c1a5104ac4ba7186feb389128&ajax_request=true&ajax_page_request=true&menuHashes=515e8d87-b312631c-4a0ddfe9-bdc01a7b&_nocache=1415186762329260743 HTTP/1.1" 200 10712
::1 - - [05/Nov/2014:12:26:04 +0100] "GET /phpmyadmin/index.php?ajax_request=1&recent_table=1&token=51243f5c1a5104ac4ba7186feb389128 HTTP/1.1" 200 381
::1 - - [05/Nov/2014:12:26:05 +0100] "GET /phpmyadmin/tbl_structure.php?db=androidproject&table=ap_ingredient&token=51243f5c1a5104ac4ba7186feb389128&ajax_request=true&ajax_page_request=true&menuHashes=515e8d87-b312631c-4a0ddfe9-bdc01a7b-b9fb19a4&_nocache=1415186765826607327 HTTP/1.1" 200 30531
::1 - - [05/Nov/2014:12:26:06 +0100] "GET /phpmyadmin/index.php?ajax_request=1&recent_table=1&token=51243f5c1a5104ac4ba7186feb389128 HTTP/1.1" 200 381
::1 - - [05/Nov/2014:12:27:49 +0100] "GET /phpmyadmin/sql.php?server=1&db=androidproject&table=ap_account&pos=0&token=51243f5c1a5104ac4ba7186feb389128&ajax_request=true&ajax_page_request=true&menuHashes=515e8d87-b312631c-4a0ddfe9-bdc01a7b-b9fb19a4-7842fc83&_nocache=1415186869464690717 HTTP/1.1" 200 10592
::1 - - [05/Nov/2014:12:27:49 +0100] "GET /phpmyadmin/index.php?ajax_request=1&recent_table=1&token=51243f5c1a5104ac4ba7186feb389128 HTTP/1.1" 200 523
::1 - - [05/Nov/2014:12:27:51 +0100] "GET /phpmyadmin/tbl_structure.php?db=androidproject&table=ap_account&token=51243f5c1a5104ac4ba7186feb389128&ajax_request=true&ajax_page_request=true&menuHashes=515e8d87-b312631c-4a0ddfe9-bdc01a7b-b9fb19a4-7842fc83-b42bc6cf&_nocache=1415186871401882847 HTTP/1.1" 200 34617
::1 - - [05/Nov/2014:12:27:51 +0100] "GET /phpmyadmin/index.php?ajax_request=1&recent_table=1&token=51243f5c1a5104ac4ba7186feb389128 HTTP/1.1" 200 523
::1 - - [05/Nov/2014:17:27:54 +0100] "GET /phpmyadmin/themes/pmahomme/jquery/jquery-ui-1.9.2.custom.css HTTP/1.1" 200 32739
::1 - - [05/Nov/2014:17:27:55 +0100] "GET /phpmyadmin/themes/pmahomme/img/logo_right.png HTTP/1.1" 200 4548
::1 - - [05/Nov/2014:17:27:55 +0100] "GET /phpmyadmin/themes/dot.gif HTTP/1.1" 200 43
::1 - - [05/Nov/2014:17:27:53 +0100] "GET /phpmyadmin/ HTTP/1.1" 200 8031
::1 - - [05/Nov/2014:17:27:54 +0100] "GET /phpmyadmin/phpmyadmin.css.php?server=1&token=d1955eae462e1dc97433194dcdf313c2&nocache=4245521593ltr HTTP/1.1" 200 92653
::1 - - [05/Nov/2014:17:27:54 +0100] "GET /phpmyadmin/js/messages.php?lang=nl&db=&server=0&token=af5a3b4e815a8bc132ce4847766d0d55 HTTP/1.1" 200 18199
::1 - - [05/Nov/2014:17:27:54 +0100] "GET /phpmyadmin/js/get_image.js.php?theme=pmahomme HTTP/1.1" 200 6364
::1 - - [05/Nov/2014:17:27:54 +0100] "GET /phpmyadmin/js/get_scripts.js.php?scripts[]=jquery/jquery-1.8.3.js&scripts[]=ajax.js&scripts[]=keyhandler.js&scripts[]=jquery/jquery-ui-1.9.2.custom.js&scripts[]=jquery/jquery.sprintf.js&scripts[]=jquery/jquery.cookie.js&scripts[]=jquery/jquery.mousewheel.js&scripts[]=jquery/jquery.event.drag-2.2.js&scripts[]=jquery/jquery-ui-timepicker-addon.js&scripts[]=jquery/jquery.ba-hashchange-1.3.js&scripts[]=jquery/jquery.debounce-1.0.5.js&scripts[]=jquery/jquery.menuResizer-1.0.js&scripts[]=rte.js&scripts[]=functions.js&scripts[]=navigation.js&scripts[]=indexes.js&scripts[]=common.js&scripts[]=codemirror/lib/codemirror.js&scripts[]=codemirror/mode/mysql/mysql.js HTTP/1.1" 200 578621
::1 - - [05/Nov/2014:17:27:56 +0100] "GET /phpmyadmin/themes/pmahomme/img/sprites.png HTTP/1.1" 200 61899
::1 - - [05/Nov/2014:17:27:58 +0100] "POST /phpmyadmin/index.php HTTP/1.1" 302 -
::1 - - [05/Nov/2014:17:27:58 +0100] "GET /phpmyadmin/index.php?token=d1955eae462e1dc97433194dcdf313c2 HTTP/1.1" 200 44759
::1 - - [05/Nov/2014:17:27:59 +0100] "GET /phpmyadmin/themes/pmahomme/img/logo_left.png HTTP/1.1" 200 2327
::1 - - [05/Nov/2014:17:27:59 +0100] "GET /phpmyadmin/themes/pmahomme/img/ajax_clock_small.gif HTTP/1.1" 200 1810
::1 - - [05/Nov/2014:17:27:59 +0100] "GET /phpmyadmin/js/messages.php?lang=nl&db=&server=0&token=d1955eae462e1dc97433194dcdf313c2 HTTP/1.1" 200 18199
::1 - - [05/Nov/2014:17:27:59 +0100] "GET /phpmyadmin/phpmyadmin.css.php?server=1&token=d1955eae462e1dc97433194dcdf313c2&nocache=5660726471ltr HTTP/1.1" 200 92653
::1 - - [05/Nov/2014:17:27:59 +0100] "GET /phpmyadmin/themes/pmahomme/img/left_nav_bg.png HTTP/1.1" 200 297
::1 - - [05/Nov/2014:17:27:59 +0100] "GET /phpmyadmin/version_check.php?&_nocache=1415204879321523646 HTTP/1.1" 200 40
::1 - - [05/Nov/2014:17:28:02 +0100] "GET /phpmyadmin/navigation.php?ajax_request=1&token=d1955eae462e1dc97433194dcdf313c2&aPath=cm9vdA%3D%3D.YW5kcm9pZHByb2plY3Q%3D&vPath=cm9vdA%3D%3D.YW5kcm9pZHByb2plY3Q%3D&pos=0&pos2_name=&pos2_value=&searchClause=&searchClause2=&_nocache=1415204882322614402 HTTP/1.1" 200 6470
::1 - - [05/Nov/2014:17:28:04 +0100] "GET /phpmyadmin/sql.php?server=1&db=androidproject&table=ap_unit&pos=0&token=d1955eae462e1dc97433194dcdf313c2&ajax_request=true&ajax_page_request=true&menuHashes=b46129b1&_nocache=1415204884382988429 HTTP/1.1" 200 31340
::1 - - [05/Nov/2014:17:28:04 +0100] "GET /phpmyadmin/themes/pmahomme/img/s_fulltext.png HTTP/1.1" 200 193
::1 - - [05/Nov/2014:17:28:04 +0100] "GET /phpmyadmin/themes/pmahomme/img/arrow_ltr.png HTTP/1.1" 200 139
::1 - - [05/Nov/2014:17:28:04 +0100] "GET /phpmyadmin/js/get_scripts.js.php?scripts[]=tbl_change.js&scripts[]=tbl_structure.js&scripts[]=gis_data_editor.js&scripts[]=makegrid.js&scripts[]=sql.js HTTP/1.1" 200 57302
::1 - - [05/Nov/2014:17:28:05 +0100] "GET /phpmyadmin/themes/pmahomme/img/col_drop.png HTTP/1.1" 200 132
::1 - - [05/Nov/2014:17:28:05 +0100] "GET /phpmyadmin/themes/pmahomme/img/col_pointer.png HTTP/1.1" 200 113
::1 - - [05/Nov/2014:17:28:05 +0100] "GET /phpmyadmin/index.php?ajax_request=1&recent_table=1&token=d1955eae462e1dc97433194dcdf313c2 HTTP/1.1" 200 229
::1 - - [05/Nov/2014:17:28:06 +0100] "GET /phpmyadmin/tbl_structure.php?db=androidproject&table=ap_unit&token=d1955eae462e1dc97433194dcdf313c2&ajax_request=true&ajax_page_request=true&menuHashes=b46129b1-c2f8f4ee&_nocache=1415204886320315491 HTTP/1.1" 200 30135
::1 - - [05/Nov/2014:17:28:06 +0100] "GET /phpmyadmin/index.php?ajax_request=1&recent_table=1&token=d1955eae462e1dc97433194dcdf313c2 HTTP/1.1" 200 229
::1 - - [05/Nov/2014:17:28:52 +0100] "GET /phpmyadmin/sql.php?server=1&db=androidproject&table=ap_difficulty_recept&pos=0&token=d1955eae462e1dc97433194dcdf313c2&ajax_request=true&ajax_page_request=true&menuHashes=b46129b1-c2f8f4ee-bda9c757&_nocache=1415204932088312036 HTTP/1.1" 200 27457
::1 - - [05/Nov/2014:17:28:52 +0100] "GET /phpmyadmin/index.php?ajax_request=1&recent_table=1&token=d1955eae462e1dc97433194dcdf313c2 HTTP/1.1" 200 391
::1 - - [05/Nov/2014:17:28:54 +0100] "GET /phpmyadmin/tbl_structure.php?db=androidproject&table=ap_difficulty_recept&token=d1955eae462e1dc97433194dcdf313c2&ajax_request=true&ajax_page_request=true&menuHashes=b46129b1-c2f8f4ee-bda9c757-e615cc55&_nocache=1415204934479717268 HTTP/1.1" 200 26580
::1 - - [05/Nov/2014:17:28:54 +0100] "GET /phpmyadmin/index.php?ajax_request=1&recent_table=1&token=d1955eae462e1dc97433194dcdf313c2 HTTP/1.1" 200 391
::1 - - [05/Nov/2014:17:29:29 +0100] "GET /phpmyadmin/sql.php?server=1&db=androidproject&table=ap_recept_category&pos=0&token=d1955eae462e1dc97433194dcdf313c2&ajax_request=true&ajax_page_request=true&menuHashes=b46129b1-c2f8f4ee-bda9c757-e615cc55-58fe948b&_nocache=1415204969755557218 HTTP/1.1" 200 10912
::1 - - [05/Nov/2014:17:29:29 +0100] "GET /phpmyadmin/index.php?ajax_request=1&recent_table=1&token=d1955eae462e1dc97433194dcdf313c2 HTTP/1.1" 200 549
::1 - - [05/Nov/2014:17:29:31 +0100] "GET /phpmyadmin/tbl_structure.php?db=androidproject&table=ap_recept_category&token=d1955eae462e1dc97433194dcdf313c2&ajax_request=true&ajax_page_request=true&menuHashes=b46129b1-c2f8f4ee-bda9c757-e615cc55-58fe948b-ebbb6e96&_nocache=1415204971116248954 HTTP/1.1" 200 30766
::1 - - [05/Nov/2014:17:29:31 +0100] "GET /phpmyadmin/index.php?ajax_request=1&recent_table=1&token=d1955eae462e1dc97433194dcdf313c2 HTTP/1.1" 200 549
>>>>>>> 2ebd26e335d9ab6a1f0012e4e7bcec69fe7d61d7
