2014-11-01 10:12:04 1096 [Note] Plugin 'FEDERATED' is disabled.
2014-11-01 10:12:04 1096 [Note] InnoDB: The InnoDB memory heap is disabled
2014-11-01 10:12:04 1096 [Note] InnoDB: Mutexes and rw_locks use Windows interlocked functions
2014-11-01 10:12:04 1096 [Note] InnoDB: Compressed tables use zlib 1.2.3
2014-11-01 10:12:04 1096 [Note] InnoDB: Not using CPU crc32 instructions
2014-11-01 10:12:04 1096 [Note] InnoDB: Initializing buffer pool, size = 128.0M
2014-11-01 10:12:04 1096 [Note] InnoDB: Completed initialization of buffer pool
2014-11-01 10:12:04 1096 [Note] InnoDB: Setting log file C:\Users\tijs1\Documents\3NMCT\AppDev\Project\ProjectDatabase\mysql\data\ib_logfile101 size to 5 MB
2014-11-01 10:12:05 1096 [Note] InnoDB: Setting log file C:\Users\tijs1\Documents\3NMCT\AppDev\Project\ProjectDatabase\mysql\data\ib_logfile1 size to 5 MB
2014-11-01 10:12:05 1096 [Note] InnoDB: Renaming log file C:\Users\tijs1\Documents\3NMCT\AppDev\Project\ProjectDatabase\mysql\data\ib_logfile101 to C:\Users\tijs1\Documents\3NMCT\AppDev\Project\ProjectDatabase\mysql\data\ib_logfile0
2014-11-01 10:12:05 1096 [Warning] InnoDB: New log files created, LSN=1626134
2014-11-01 10:12:05 1096 [Note] InnoDB: Highest supported file format is Barracuda.
2014-11-01 10:12:05 1096 [Note] InnoDB: 128 rollback segment(s) are active.
2014-11-01 10:12:05 1096 [Note] InnoDB: Waiting for purge to start
2014-11-01 10:12:05 1096 [Note] InnoDB: 5.6.13 started; log sequence number 1626636
2014-11-01 10:12:05 1096 [Warning] No existing UUID has been found, so we assume that this is the first time that this server has been started. Generating a new UUID: 2651b0f7-61a7-11e4-84f8-9cb65449f75e.
2014-11-01 10:12:05 1096 [Note] Server hostname (bind-address): '*'; port: 3307
2014-11-01 10:12:05 1096 [Note] IPv6 is available.
2014-11-01 10:12:05 1096 [Note]   - '::' resolves to '::';
2014-11-01 10:12:05 1096 [Note] Server socket created on IP: '::'.
2014-11-01 10:12:41 10804 [Note] Plugin 'FEDERATED' is disabled.
2014-11-01 10:12:41 10804 [Note] InnoDB: The InnoDB memory heap is disabled
2014-11-01 10:12:41 10804 [Note] InnoDB: Mutexes and rw_locks use Windows interlocked functions
2014-11-01 10:12:41 10804 [Note] InnoDB: Compressed tables use zlib 1.2.3
2014-11-01 10:12:41 10804 [Note] InnoDB: Not using CPU crc32 instructions
2014-11-01 10:12:41 10804 [Note] InnoDB: Initializing buffer pool, size = 128.0M
2014-11-01 10:12:41 10804 [Note] InnoDB: Completed initialization of buffer pool
2014-11-01 10:12:41 10804 [Note] InnoDB: Highest supported file format is Barracuda.
2014-11-01 10:12:41 10804 [Note] InnoDB: The log sequence numbers 1626134 and 1626134 in ibdata files do not match the log sequence number 1626646 in the ib_logfiles!
2014-11-01 10:12:41 10804 [Note] InnoDB: Database was not shutdown normally!
2014-11-01 10:12:41 10804 [Note] InnoDB: Starting crash recovery.
2014-11-01 10:12:41 10804 [Note] InnoDB: Reading tablespace information from the .ibd files...
2014-11-01 10:12:41 10804 [Note] InnoDB: Restoring possible half-written data pages 
2014-11-01 10:12:41 10804 [Note] InnoDB: from the doublewrite buffer...
2014-11-01 10:12:41 10804 [Note] InnoDB: 128 rollback segment(s) are active.
2014-11-01 10:12:41 10804 [Note] InnoDB: Waiting for purge to start
2014-11-01 10:12:41 10804 [Note] InnoDB: 5.6.13 started; log sequence number 1626646
2014-11-01 10:12:41 10804 [Note] Server hostname (bind-address): '*'; port: 3307
2014-11-01 10:12:41 10804 [Note] IPv6 is available.
2014-11-01 10:12:41 10804 [Note]   - '::' resolves to '::';
2014-11-01 10:12:41 10804 [Note] Server socket created on IP: '::'.
2014-11-01 16:00:13 11040 [Note] Plugin 'FEDERATED' is disabled.
2014-11-01 16:00:13 11040 [Note] InnoDB: The InnoDB memory heap is disabled
2014-11-01 16:00:13 11040 [Note] InnoDB: Mutexes and rw_locks use Windows interlocked functions
2014-11-01 16:00:13 11040 [Note] InnoDB: Compressed tables use zlib 1.2.3
2014-11-01 16:00:13 11040 [Note] InnoDB: Not using CPU crc32 instructions
2014-11-01 16:00:13 11040 [Note] InnoDB: Initializing buffer pool, size = 128.0M
2014-11-01 16:00:13 11040 [Note] InnoDB: Completed initialization of buffer pool
2014-11-01 16:00:13 11040 [Note] InnoDB: Highest supported file format is Barracuda.
2014-11-01 16:00:13 11040 [Note] InnoDB: The log sequence numbers 1626134 and 1626134 in ibdata files do not match the log sequence number 1731344 in the ib_logfiles!
2014-11-01 16:00:13 11040 [Note] InnoDB: Database was not shutdown normally!
2014-11-01 16:00:13 11040 [Note] InnoDB: Starting crash recovery.
2014-11-01 16:00:13 11040 [Note] InnoDB: Reading tablespace information from the .ibd files...
2014-11-01 16:00:13 11040 [Note] InnoDB: Restoring possible half-written data pages 
2014-11-01 16:00:13 11040 [Note] InnoDB: from the doublewrite buffer...
2014-11-01 16:00:14 11040 [Note] InnoDB: 128 rollback segment(s) are active.
2014-11-01 16:00:14 11040 [Note] InnoDB: Waiting for purge to start
2014-11-01 16:00:14 11040 [Note] InnoDB: 5.6.13 started; log sequence number 1731344
2014-11-01 16:00:14 11040 [Note] Server hostname (bind-address): '*'; port: 3307
2014-11-01 16:00:14 11040 [Note] IPv6 is available.
2014-11-01 16:00:14 11040 [Note]   - '::' resolves to '::';
2014-11-01 16:00:14 11040 [Note] Server socket created on IP: '::'.
2014-11-01 16:40:21 5016 [Note] Plugin 'FEDERATED' is disabled.
2014-11-01 16:40:21 5016 [Note] InnoDB: The InnoDB memory heap is disabled
2014-11-01 16:40:21 5016 [Note] InnoDB: Mutexes and rw_locks use Windows interlocked functions
2014-11-01 16:40:21 5016 [Note] InnoDB: Compressed tables use zlib 1.2.3
2014-11-01 16:40:21 5016 [Note] InnoDB: Not using CPU crc32 instructions
2014-11-01 16:40:21 5016 [Note] InnoDB: Initializing buffer pool, size = 128.0M
2014-11-01 16:40:21 5016 [Note] InnoDB: Completed initialization of buffer pool
2014-11-01 16:40:22 5016 [Note] InnoDB: Highest supported file format is Barracuda.
2014-11-01 16:40:22 5016 [Note] InnoDB: The log sequence numbers 1626134 and 1626134 in ibdata files do not match the log sequence number 1731354 in the ib_logfiles!
2014-11-01 16:40:22 5016 [Note] InnoDB: Database was not shutdown normally!
2014-11-01 16:40:22 5016 [Note] InnoDB: Starting crash recovery.
2014-11-01 16:40:22 5016 [Note] InnoDB: Reading tablespace information from the .ibd files...
2014-11-01 16:40:22 5016 [Note] InnoDB: Restoring possible half-written data pages 
2014-11-01 16:40:22 5016 [Note] InnoDB: from the doublewrite buffer...
2014-11-01 16:40:22 5016 [Note] InnoDB: 128 rollback segment(s) are active.
2014-11-01 16:40:22 5016 [Note] InnoDB: Waiting for purge to start
2014-11-01 16:40:22 5016 [Note] InnoDB: 5.6.13 started; log sequence number 1731354
2014-11-01 16:40:22 5016 [Note] Server hostname (bind-address): '*'; port: 3307
2014-11-01 16:40:22 5016 [Note] IPv6 is available.
2014-11-01 16:40:22 5016 [Note]   - '::' resolves to '::';
2014-11-01 16:40:22 5016 [Note] Server socket created on IP: '::'.
2014-11-05 10:04:25 3120 [Note] Plugin 'FEDERATED' is disabled.
2014-11-05 10:04:25 3120 [Note] InnoDB: The InnoDB memory heap is disabled
2014-11-05 10:04:25 3120 [Note] InnoDB: Mutexes and rw_locks use Windows interlocked functions
2014-11-05 10:04:25 3120 [Note] InnoDB: Compressed tables use zlib 1.2.3
2014-11-05 10:04:25 3120 [Note] InnoDB: Not using CPU crc32 instructions
2014-11-05 10:04:25 3120 [Note] InnoDB: Initializing buffer pool, size = 128.0M
2014-11-05 10:04:25 3120 [Note] InnoDB: Completed initialization of buffer pool
2014-11-05 10:04:25 3120 [Note] InnoDB: Highest supported file format is Barracuda.
2014-11-05 10:04:25 3120 [Note] InnoDB: The log sequence numbers 1626134 and 1626134 in ibdata files do not match the log sequence number 1731364 in the ib_logfiles!
2014-11-05 10:04:25 3120 [Note] InnoDB: Database was not shutdown normally!
2014-11-05 10:04:25 3120 [Note] InnoDB: Starting crash recovery.
2014-11-05 10:04:25 3120 [Note] InnoDB: Reading tablespace information from the .ibd files...
2014-11-05 10:04:26 3120 [Note] InnoDB: Restoring possible half-written data pages 
2014-11-05 10:04:26 3120 [Note] InnoDB: from the doublewrite buffer...
2014-11-05 10:04:27 3120 [Note] InnoDB: 128 rollback segment(s) are active.
2014-11-05 10:04:27 3120 [Note] InnoDB: Waiting for purge to start
2014-11-05 10:04:27 3120 [Note] InnoDB: 5.6.13 started; log sequence number 1731364
2014-11-05 10:04:27 3120 [Note] Server hostname (bind-address): '*'; port: 3307
2014-11-05 10:04:27 3120 [Note] IPv6 is available.
2014-11-05 10:04:27 3120 [Note]   - '::' resolves to '::';
2014-11-05 10:04:27 3120 [Note] Server socket created on IP: '::'.
